Arguments: 
  C:\Program Files\nodejs\node.exe C:\Users\Trymb\AppData\Roaming\npm\node_modules\yarn\bin\yarn.js add @mui

PATH: 
  C:\Users\Trymb\bin;C:\Program Files\Git\mingw64\bin;C:\Program Files\Git\usr\local\bin;C:\Program Files\Git\usr\bin;C:\Program Files\Git\usr\bin;C:\Program Files\Git\mingw64\bin;C:\Program Files\Git\usr\bin;C:\Users\Trymb\bin;C:\Program Files\Microsoft\jdk-11.0.18.10-hotspot\bin;C:\Python311\Scripts;C:\Python311;C:\ProgramData\Oracle\Java\javapath;C:\WINDOWS\system32;C:\WINDOWS;C:\WINDOWS\System32\Wbem;C:\WINDOWS\System32\WindowsPowerShell\v1.0;C:\WINDOWS\System32\OpenSSH;C:\Program Files\gradle-7.0.2\bin;C:\Program Files\Git\cmd;C:\Program Files\Docker\Docker\resources\bin;C:\ProgramData\DockerDesktop\version-bin;C:\Program Files\Java\jdk-11.0.16\bin;C:\Program Files\Go\bin;C:\Program Files\nodejs;C:\ProgramData\chocolatey\bin;C:\Users\Trymb\AppData\Local\pnpm;C:\Users\Trymb\.cargo\bin;C:\Users\Trymb\AppData\Local\Programs\Python\Python39\Scripts;C:\Users\Trymb\AppData\Local\Programs\Python\Python39;C:\Users\Trymb\AppData\Local\Microsoft\WindowsApps;C:\Users\Trymb\AppData\Local\Programs\Microsoft VS Code\bin;C:\Users\Trymb\AppData\Local\GitHubDesktop\bin;D:\software\extraforapp\platform-tools;C:\Users\Trymb\go\bin;C:\Program Files\heroku\bin;C:\Users\Trymb\AppData\Roaming\npm;C:\Program Files\Git\usr\bin\vendor_perl;C:\Program Files\Git\usr\bin\core_perl;C:\Users\Trymb\.foundry\bin

Yarn version: 
  1.22.19

Node version: 
  18.17.0

Platform: 
  win32 x64

Trace: 
  Error: https://registry.yarnpkg.com/@mui: Request "https://registry.yarnpkg.com/@mui" returned a 405
      at params.callback [as _callback] (C:\Users\Trymb\AppData\Roaming\npm\node_modules\yarn\lib\cli.js:66154:18)
      at self.callback (C:\Users\Trymb\AppData\Roaming\npm\node_modules\yarn\lib\cli.js:140890:22)
      at Request.emit (node:events:514:28)
      at Request.<anonymous> (C:\Users\Trymb\AppData\Roaming\npm\node_modules\yarn\lib\cli.js:141862:10)
      at Request.emit (node:events:514:28)
      at IncomingMessage.<anonymous> (C:\Users\Trymb\AppData\Roaming\npm\node_modules\yarn\lib\cli.js:141784:12)
      at Object.onceWrapper (node:events:628:28)
      at IncomingMessage.emit (node:events:526:35)
      at endReadableNT (node:internal/streams/readable:1359:12)
      at process.processTicksAndRejections (node:internal/process/task_queues:82:21)

npm manifest: 
  No manifest

yarn manifest: 
  No manifest

Lockfile: 
  No lockfile
